Stack_t "stk_verifications_levels" [0x7ffc2b894b40] (ok)
{
	canary1 = 0x00000000
	size    = 0

	data[36] = [0x55847575e700]
	{
		 [  0]:0.000000
		 [  1]:0.000000
		 [  2]:0.000000
		 [  3]:0.000000
		 [  4]:0.000000
		 [  5]:0.000000
		 [  6]:0.000000
		 [  7]:0.000000
		 [  8]:0.000000
		 [  9]:0.000000
		 [ 10]:0.000000
		 [ 11]:0.000000
		 [ 12]:0.000000
		 [ 13]:0.000000
		 [ 14]:0.000000
		 [ 15]:0.000000
		 [ 16]:0.000000
		 [ 17]:0.000000
		 [ 18]:0.000000
		 [ 19]:0.000000
		 [ 20]:0.000000
		 [ 21]:0.000000
		 [ 22]:0.000000
		 [ 23]:0.000000
		 [ 24]:0.000000
		 [ 25]:0.000000
		 [ 26]:0.000000
		 [ 27]:0.000000
		 [ 28]:0.000000
		 [ 29]:0.000000
		 [ 30]:0.000000
		 [ 31]:0.000000
		 [ 32]:0.000000
		 [ 33]:0.000000
		 [ 34]:0.000000
		 [ 35]:0.000000
	}
	file_dump        = debug/debug_ver_level_0.log
	inspection_level = 0

	hash    = 0x00000000
	canary2 = 0x00000000
	errno   = 0 (no error)
}
Stack_t "stk_verifications_levels" [0x7ffc2b894b40] (ok)
{
	canary1 = 0x00000000
	size    = 1

	data[36] = [0x55847575e700]
	{
		*[  0]:10.000000
		 [  1]:0.000000
		 [  2]:0.000000
		 [  3]:0.000000
		 [  4]:0.000000
		 [  5]:0.000000
		 [  6]:0.000000
		 [  7]:0.000000
		 [  8]:0.000000
		 [  9]:0.000000
		 [ 10]:0.000000
		 [ 11]:0.000000
		 [ 12]:0.000000
		 [ 13]:0.000000
		 [ 14]:0.000000
		 [ 15]:0.000000
		 [ 16]:0.000000
		 [ 17]:0.000000
		 [ 18]:0.000000
		 [ 19]:0.000000
		 [ 20]:0.000000
		 [ 21]:0.000000
		 [ 22]:0.000000
		 [ 23]:0.000000
		 [ 24]:0.000000
		 [ 25]:0.000000
		 [ 26]:0.000000
		 [ 27]:0.000000
		 [ 28]:0.000000
		 [ 29]:0.000000
		 [ 30]:0.000000
		 [ 31]:0.000000
		 [ 32]:0.000000
		 [ 33]:0.000000
		 [ 34]:0.000000
		 [ 35]:0.000000
	}
	file_dump        = debug/debug_ver_level_0.log
	inspection_level = 0

	hash    = 0x00000000
	canary2 = 0x00000000
	errno   = 0 (no error)
}
Stack_t "stk_verifications_levels" [0x7ffc2b894b40] (ok)
{
	canary1 = 0x00000000
	size    = 0

	data[36] = [0x55847575e700]
	{
		 [  0]:10.000000
		 [  1]:0.000000
		 [  2]:0.000000
		 [  3]:0.000000
		 [  4]:0.000000
		 [  5]:0.000000
		 [  6]:0.000000
		 [  7]:0.000000
		 [  8]:0.000000
		 [  9]:0.000000
		 [ 10]:0.000000
		 [ 11]:0.000000
		 [ 12]:0.000000
		 [ 13]:0.000000
		 [ 14]:0.000000
		 [ 15]:0.000000
		 [ 16]:0.000000
		 [ 17]:0.000000
		 [ 18]:0.000000
		 [ 19]:0.000000
		 [ 20]:0.000000
		 [ 21]:0.000000
		 [ 22]:0.000000
		 [ 23]:0.000000
		 [ 24]:0.000000
		 [ 25]:0.000000
		 [ 26]:0.000000
		 [ 27]:0.000000
		 [ 28]:0.000000
		 [ 29]:0.000000
		 [ 30]:0.000000
		 [ 31]:0.000000
		 [ 32]:0.000000
		 [ 33]:0.000000
		 [ 34]:0.000000
		 [ 35]:0.000000
	}
	file_dump        = debug/debug_ver_level_0.log
	inspection_level = 0

	hash    = 0x00000000
	canary2 = 0x00000000
	errno   = 0 (no error)
}
