Stack_t "stk_verifications_levels" [0x7ffc2b894b40] (ok)
{
	canary1 = 0xdeadbeef
	size    = 0

	data[36] = [0x55847575e700]
	{
		-[can]:0xdeadbeef
		 [  0]:666.000000
		 [  1]:666.000000
		 [  2]:666.000000
		 [  3]:666.000000
		 [  4]:666.000000
		 [  5]:666.000000
		 [  6]:666.000000
		 [  7]:666.000000
		 [  8]:666.000000
		 [  9]:666.000000
		 [ 10]:666.000000
		 [ 11]:666.000000
		 [ 12]:666.000000
		 [ 13]:666.000000
		 [ 14]:666.000000
		 [ 15]:666.000000
		 [ 16]:666.000000
		 [ 17]:666.000000
		 [ 18]:666.000000
		 [ 19]:666.000000
		 [ 20]:666.000000
		 [ 21]:666.000000
		 [ 22]:666.000000
		 [ 23]:666.000000
		 [ 24]:666.000000
		 [ 25]:666.000000
		 [ 26]:666.000000
		 [ 27]:666.000000
		 [ 28]:666.000000
		 [ 29]:666.000000
		 [ 30]:666.000000
		 [ 31]:666.000000
		 [ 32]:666.000000
		 [ 33]:666.000000
		 [ 34]:666.000000
		 [ 35]:666.000000
		-[can]:0x38023802

	}
	file_dump        = debug/debug_ver_level_1.log
	inspection_level = 1

	hash    = 0x00000000
	canary2 = 0x38023802
	errno   = 0 (no error)
}
Stack_t "stk_verifications_levels" [0x7ffc2b894b40] (ok)
{
	canary1 = 0xdeadbeef
	size    = 1

	data[36] = [0x55847575e700]
	{
		-[can]:0xdeadbeef
		*[  0]:10.000000
		 [  1]:666.000000
		 [  2]:666.000000
		 [  3]:666.000000
		 [  4]:666.000000
		 [  5]:666.000000
		 [  6]:666.000000
		 [  7]:666.000000
		 [  8]:666.000000
		 [  9]:666.000000
		 [ 10]:666.000000
		 [ 11]:666.000000
		 [ 12]:666.000000
		 [ 13]:666.000000
		 [ 14]:666.000000
		 [ 15]:666.000000
		 [ 16]:666.000000
		 [ 17]:666.000000
		 [ 18]:666.000000
		 [ 19]:666.000000
		 [ 20]:666.000000
		 [ 21]:666.000000
		 [ 22]:666.000000
		 [ 23]:666.000000
		 [ 24]:666.000000
		 [ 25]:666.000000
		 [ 26]:666.000000
		 [ 27]:666.000000
		 [ 28]:666.000000
		 [ 29]:666.000000
		 [ 30]:666.000000
		 [ 31]:666.000000
		 [ 32]:666.000000
		 [ 33]:666.000000
		 [ 34]:666.000000
		 [ 35]:666.000000
		-[can]:0x38023802

	}
	file_dump        = debug/debug_ver_level_1.log
	inspection_level = 1

	hash    = 0x00000000
	canary2 = 0x38023802
	errno   = 0 (no error)
}
Stack_t "stk_verifications_levels" [0x7ffc2b894b40] (ok)
{
	canary1 = 0xdeadbeef
	size    = 0

	data[36] = [0x55847575e700]
	{
		-[can]:0xdeadbeef
		 [  0]:10.000000
		 [  1]:666.000000
		 [  2]:666.000000
		 [  3]:666.000000
		 [  4]:666.000000
		 [  5]:666.000000
		 [  6]:666.000000
		 [  7]:666.000000
		 [  8]:666.000000
		 [  9]:666.000000
		 [ 10]:666.000000
		 [ 11]:666.000000
		 [ 12]:666.000000
		 [ 13]:666.000000
		 [ 14]:666.000000
		 [ 15]:666.000000
		 [ 16]:666.000000
		 [ 17]:666.000000
		 [ 18]:666.000000
		 [ 19]:666.000000
		 [ 20]:666.000000
		 [ 21]:666.000000
		 [ 22]:666.000000
		 [ 23]:666.000000
		 [ 24]:666.000000
		 [ 25]:666.000000
		 [ 26]:666.000000
		 [ 27]:666.000000
		 [ 28]:666.000000
		 [ 29]:666.000000
		 [ 30]:666.000000
		 [ 31]:666.000000
		 [ 32]:666.000000
		 [ 33]:666.000000
		 [ 34]:666.000000
		 [ 35]:666.000000
		-[can]:0x38023802

	}
	file_dump        = debug/debug_ver_level_1.log
	inspection_level = 1

	hash    = 0x00000000
	canary2 = 0x38023802
	errno   = 0 (no error)
}
