Stack_t "stk_growth" [0x7ffc2b894b70] (ok)
{
	canary1 = 0xdeadbeef
	size    = 1

	data[36] = [0x55847575e4b0]
	{
		-[can]:0xdeadbeef
		*[  0]:0.000000
		 [  1]:0.000000
		 [  2]:0.000000
		 [  3]:0.000000
		 [  4]:0.000000
		 [  5]:0.000000
		 [  6]:0.000000
		 [  7]:0.000000
		 [  8]:0.000000
		 [  9]:0.000000
		 [ 10]:0.000000
		 [ 11]:0.000000
		 [ 12]:0.000000
		 [ 13]:0.000000
		 [ 14]:0.000000
		 [ 15]:0.000000
		 [ 16]:0.000000
		 [ 17]:0.000000
		 [ 18]:0.000000
		 [ 19]:0.000000
		 [ 20]:0.000000
		 [ 21]:0.000000
		 [ 22]:0.000000
		 [ 23]:0.000000
		 [ 24]:0.000000
		 [ 25]:0.000000
		 [ 26]:0.000000
		 [ 27]:0.000000
		 [ 28]:0.000000
		 [ 29]:0.000000
		 [ 30]:0.000000
		 [ 31]:0.000000
		 [ 32]:0.000000
		 [ 33]:0.000000
		 [ 34]:0.000000
		 [ 35]:0.000000
		-[can]:0x38023802

	}
	file_dump        = debug/debug_growth.log
	inspection_level = 2

	hash    = 0x8536a3c8
	canary2 = 0x38023802
	errno   = 0 (no error)
}
Stack_t "stk_growth" [0x7ffc2b894b70] (ok)
{
	canary1 = 0xdeadbeef
	size    = 11

	data[36] = [0x55847575e4b0]
	{
		-[can]:0xdeadbeef
		*[  0]:0.000000
		*[  1]:1.000000
		*[  2]:2.000000
		*[  3]:3.000000
		*[  4]:4.000000
		*[  5]:5.000000
		*[  6]:6.000000
		*[  7]:7.000000
		*[  8]:8.000000
		*[  9]:9.000000
		*[ 10]:10.000000
		 [ 11]:0.000000
		 [ 12]:0.000000
		 [ 13]:0.000000
		 [ 14]:0.000000
		 [ 15]:0.000000
		 [ 16]:0.000000
		 [ 17]:0.000000
		 [ 18]:0.000000
		 [ 19]:0.000000
		 [ 20]:0.000000
		 [ 21]:0.000000
		 [ 22]:0.000000
		 [ 23]:0.000000
		 [ 24]:0.000000
		 [ 25]:0.000000
		 [ 26]:0.000000
		 [ 27]:0.000000
		 [ 28]:0.000000
		 [ 29]:0.000000
		 [ 30]:0.000000
		 [ 31]:0.000000
		 [ 32]:0.000000
		 [ 33]:0.000000
		 [ 34]:0.000000
		 [ 35]:0.000000
		-[can]:0x38023802

	}
	file_dump        = debug/debug_growth.log
	inspection_level = 2

	hash    = 0xbf2b59ec
	canary2 = 0x38023802
	errno   = 0 (no error)
}
Stack_t "stk_growth" [0x7ffc2b894b70] (ok)
{
	canary1 = 0xdeadbeef
	size    = 21

	data[36] = [0x55847575e4b0]
	{
		-[can]:0xdeadbeef
		*[  0]:0.000000
		*[  1]:1.000000
		*[  2]:2.000000
		*[  3]:3.000000
		*[  4]:4.000000
		*[  5]:5.000000
		*[  6]:6.000000
		*[  7]:7.000000
		*[  8]:8.000000
		*[  9]:9.000000
		*[ 10]:10.000000
		*[ 11]:11.000000
		*[ 12]:12.000000
		*[ 13]:13.000000
		*[ 14]:14.000000
		*[ 15]:15.000000
		*[ 16]:16.000000
		*[ 17]:17.000000
		*[ 18]:18.000000
		*[ 19]:19.000000
		*[ 20]:20.000000
		 [ 21]:0.000000
		 [ 22]:0.000000
		 [ 23]:0.000000
		 [ 24]:0.000000
		 [ 25]:0.000000
		 [ 26]:0.000000
		 [ 27]:0.000000
		 [ 28]:0.000000
		 [ 29]:0.000000
		 [ 30]:0.000000
		 [ 31]:0.000000
		 [ 32]:0.000000
		 [ 33]:0.000000
		 [ 34]:0.000000
		 [ 35]:0.000000
		-[can]:0x38023802

	}
	file_dump        = debug/debug_growth.log
	inspection_level = 2

	hash    = 0x9cba4256
	canary2 = 0x38023802
	errno   = 0 (no error)
}
Stack_t "stk_growth" [0x7ffc2b894b70] (ok)
{
	canary1 = 0xdeadbeef
	size    = 31

	data[36] = [0x55847575e4b0]
	{
		-[can]:0xdeadbeef
		*[  0]:0.000000
		*[  1]:1.000000
		*[  2]:2.000000
		*[  3]:3.000000
		*[  4]:4.000000
		*[  5]:5.000000
		*[  6]:6.000000
		*[  7]:7.000000
		*[  8]:8.000000
		*[  9]:9.000000
		*[ 10]:10.000000
		*[ 11]:11.000000
		*[ 12]:12.000000
		*[ 13]:13.000000
		*[ 14]:14.000000
		*[ 15]:15.000000
		*[ 16]:16.000000
		*[ 17]:17.000000
		*[ 18]:18.000000
		*[ 19]:19.000000
		*[ 20]:20.000000
		*[ 21]:21.000000
		*[ 22]:22.000000
		*[ 23]:23.000000
		*[ 24]:24.000000
		*[ 25]:25.000000
		*[ 26]:26.000000
		*[ 27]:27.000000
		*[ 28]:28.000000
		*[ 29]:29.000000
		*[ 30]:30.000000
		 [ 31]:0.000000
		 [ 32]:0.000000
		 [ 33]:0.000000
		 [ 34]:0.000000
		 [ 35]:0.000000
		-[can]:0x38023802

	}
	file_dump        = debug/debug_growth.log
	inspection_level = 2

	hash    = 0x6d399122
	canary2 = 0x38023802
	errno   = 0 (no error)
}
Stack_t "stk_growth" [0x7ffc2b894b70] (ok)
{
	canary1 = 0xdeadbeef
	size    = 41

	data[72] = [0x55847575e4b0]
	{
		-[can]:0xdeadbeef
		*[  0]:0.000000
		*[  1]:1.000000
		*[  2]:2.000000
		*[  3]:3.000000
		*[  4]:4.000000
		*[  5]:5.000000
		*[  6]:6.000000
		*[  7]:7.000000
		*[  8]:8.000000
		*[  9]:9.000000
		*[ 10]:10.000000
		*[ 11]:11.000000
		*[ 12]:12.000000
		*[ 13]:13.000000
		*[ 14]:14.000000
		*[ 15]:15.000000
		*[ 16]:16.000000
		*[ 17]:17.000000
		*[ 18]:18.000000
		*[ 19]:19.000000
		*[ 20]:20.000000
		*[ 21]:21.000000
		*[ 22]:22.000000
		*[ 23]:23.000000
		*[ 24]:24.000000
		*[ 25]:25.000000
		*[ 26]:26.000000
		*[ 27]:27.000000
		*[ 28]:28.000000
		*[ 29]:29.000000
		*[ 30]:30.000000
		*[ 31]:31.000000
		*[ 32]:32.000000
		*[ 33]:33.000000
		*[ 34]:34.000000
		*[ 35]:35.000000
		*[ 36]:36.000000
		*[ 37]:37.000000
		*[ 38]:38.000000
		*[ 39]:39.000000
		*[ 40]:40.000000
		 [ 41]:0.000000
		 [ 42]:486287904532680302994695807068555752822825665504522460516360943813123985800088787016050640431924938867358692943054667983834935478821746317988684975154153860965512444195804729403912288919876022343251747042316857332895949644650899627446103264819153356245509931572509760678737000571863040.000000
		 [ 43]:10182056163730362609003873140736031189916073277681523725498908360985295539318495213103720495436066662225502521588142868315855890089088460620958251629483356810319822643613521250895136596440360372272089693970048416047955341816429764844565628011397996907842496673300359523147448320.000000
		 [ 44]:2654326374066708114094166529031647357235255953916990392208833043171507321778186230510460002058813622169509930175762606689886326078932980937835742065189443716306431675447198839996416.000000
		 [ 45]:0.000000
		 [ 46]:0.000000
		 [ 47]:774119980695442859534396410745155887165616046637036103631800220003383754604690021024076277882526424592604036958060901430686767819756024305374306011728449603425985700955160576.000000
		 [ 48]:0.000000
		 [ 49]:0.000000
		 [ 50]:1174488206348268437922146590232830981872466685198864000774312718612832316379810025450557022493513059868580818089080881891417465838175893934612323716533891773910482944.000000
		 [ 51]:0.000000
		 [ 52]:0.000000
		 [ 53]:2772958410078078104889294107575217268939593790760361285009058160586310728903509325592340575863882320763873189422561803078784036161022874825074704582490195096983321786250137851396096.000000
		 [ 54]:0.000000
		 [ 55]:0.000000
		 [ 56]:144374542336123161458825799488297704315095654659485684544898920059112135684791006402216570527923625798717322566680193784566591258624.000000
		 [ 57]:0.000000
		 [ 58]:0.000000
		 [ 59]:0.000000
		 [ 60]:0.000000
		 [ 61]:911025730576560756784643459083809105227793622464915329392645266799029118893614433903550809085308499452821372961317437709455928367620202430464.000000
		 [ 62]:0.000000
		 [ 63]:0.000000
		 [ 64]:0.000000
		 [ 65]:144374542336123161458825799488297704315095654659485684544898920059112135684791006402216570527923625798717322566680193784566591258624.000000
		 [ 66]:0.000000
		 [ 67]:0.000000
		 [ 68]:0.000000
		 [ 69]:0.000000
		 [ 70]:1101562141118308329500805399378802165881394583320931634987076233573038624436813019115971835883617335583181903425270478657664422976951762812928.000000
		 [ 71]:0.000000
		-[can]:0x38023802

	}
	file_dump        = debug/debug_growth.log
	inspection_level = 2

	hash    = 0xb55fa7a3
	canary2 = 0x38023802
	errno   = 0 (no error)
}
Stack_t "stk_growth" [0x7ffc2b894b70] (ok)
{
	canary1 = 0xdeadbeef
	size    = 41

	data[72] = [0x55847575e4b0]
	{
		-[can]:0xdeadbeef
		*[  0]:0.000000
		*[  1]:1.000000
		*[  2]:2.000000
		*[  3]:3.000000
		*[  4]:4.000000
		*[  5]:5.000000
		*[  6]:6.000000
		*[  7]:7.000000
		*[  8]:8.000000
		*[  9]:9.000000
		*[ 10]:10.000000
		*[ 11]:11.000000
		*[ 12]:12.000000
		*[ 13]:13.000000
		*[ 14]:14.000000
		*[ 15]:15.000000
		*[ 16]:16.000000
		*[ 17]:17.000000
		*[ 18]:18.000000
		*[ 19]:19.000000
		*[ 20]:20.000000
		*[ 21]:21.000000
		*[ 22]:22.000000
		*[ 23]:23.000000
		*[ 24]:24.000000
		*[ 25]:25.000000
		*[ 26]:26.000000
		*[ 27]:27.000000
		*[ 28]:28.000000
		*[ 29]:29.000000
		*[ 30]:30.000000
		*[ 31]:31.000000
		*[ 32]:32.000000
		*[ 33]:33.000000
		*[ 34]:34.000000
		*[ 35]:35.000000
		*[ 36]:36.000000
		*[ 37]:37.000000
		*[ 38]:38.000000
		*[ 39]:39.000000
		*[ 40]:40.000000
		 [ 41]:41.000000
		 [ 42]:42.000000
		 [ 43]:43.000000
		 [ 44]:44.000000
		 [ 45]:45.000000
		 [ 46]:46.000000
		 [ 47]:47.000000
		 [ 48]:48.000000
		 [ 49]:49.000000
		 [ 50]:1174488206348268437922146590232830981872466685198864000774312718612832316379810025450557022493513059868580818089080881891417465838175893934612323716533891773910482944.000000
		 [ 51]:0.000000
		 [ 52]:0.000000
		 [ 53]:2772958410078078104889294107575217268939593790760361285009058160586310728903509325592340575863882320763873189422561803078784036161022874825074704582490195096983321786250137851396096.000000
		 [ 54]:0.000000
		 [ 55]:0.000000
		 [ 56]:144374542336123161458825799488297704315095654659485684544898920059112135684791006402216570527923625798717322566680193784566591258624.000000
		 [ 57]:0.000000
		 [ 58]:0.000000
		 [ 59]:0.000000
		 [ 60]:0.000000
		 [ 61]:911025730576560756784643459083809105227793622464915329392645266799029118893614433903550809085308499452821372961317437709455928367620202430464.000000
		 [ 62]:0.000000
		 [ 63]:0.000000
		 [ 64]:0.000000
		 [ 65]:144374542336123161458825799488297704315095654659485684544898920059112135684791006402216570527923625798717322566680193784566591258624.000000
		 [ 66]:0.000000
		 [ 67]:0.000000
		 [ 68]:0.000000
		 [ 69]:0.000000
		 [ 70]:1101562141118308329500805399378802165881394583320931634987076233573038624436813019115971835883617335583181903425270478657664422976951762812928.000000
		 [ 71]:0.000000
		-[can]:0x38023802

	}
	file_dump        = debug/debug_growth.log
	inspection_level = 2

	hash    = 0xb55fa7a3
	canary2 = 0x38023802
	errno   = 0 (no error)
}
Stack_t "stk_growth" [0x7ffc2b894b70] (ok)
{
	canary1 = 0xdeadbeef
	size    = 31

	data[72] = [0x55847575e4b0]
	{
		-[can]:0xdeadbeef
		*[  0]:0.000000
		*[  1]:1.000000
		*[  2]:2.000000
		*[  3]:3.000000
		*[  4]:4.000000
		*[  5]:5.000000
		*[  6]:6.000000
		*[  7]:7.000000
		*[  8]:8.000000
		*[  9]:9.000000
		*[ 10]:10.000000
		*[ 11]:11.000000
		*[ 12]:12.000000
		*[ 13]:13.000000
		*[ 14]:14.000000
		*[ 15]:15.000000
		*[ 16]:16.000000
		*[ 17]:17.000000
		*[ 18]:18.000000
		*[ 19]:19.000000
		*[ 20]:20.000000
		*[ 21]:21.000000
		*[ 22]:22.000000
		*[ 23]:23.000000
		*[ 24]:24.000000
		*[ 25]:25.000000
		*[ 26]:26.000000
		*[ 27]:27.000000
		*[ 28]:28.000000
		*[ 29]:29.000000
		*[ 30]:30.000000
		 [ 31]:31.000000
		 [ 32]:32.000000
		 [ 33]:33.000000
		 [ 34]:34.000000
		 [ 35]:35.000000
		 [ 36]:36.000000
		 [ 37]:37.000000
		 [ 38]:38.000000
		 [ 39]:39.000000
		 [ 40]:40.000000
		 [ 41]:41.000000
		 [ 42]:42.000000
		 [ 43]:43.000000
		 [ 44]:44.000000
		 [ 45]:45.000000
		 [ 46]:46.000000
		 [ 47]:47.000000
		 [ 48]:48.000000
		 [ 49]:49.000000
		 [ 50]:1174488206348268437922146590232830981872466685198864000774312718612832316379810025450557022493513059868580818089080881891417465838175893934612323716533891773910482944.000000
		 [ 51]:0.000000
		 [ 52]:0.000000
		 [ 53]:2772958410078078104889294107575217268939593790760361285009058160586310728903509325592340575863882320763873189422561803078784036161022874825074704582490195096983321786250137851396096.000000
		 [ 54]:0.000000
		 [ 55]:0.000000
		 [ 56]:144374542336123161458825799488297704315095654659485684544898920059112135684791006402216570527923625798717322566680193784566591258624.000000
		 [ 57]:0.000000
		 [ 58]:0.000000
		 [ 59]:0.000000
		 [ 60]:0.000000
		 [ 61]:911025730576560756784643459083809105227793622464915329392645266799029118893614433903550809085308499452821372961317437709455928367620202430464.000000
		 [ 62]:0.000000
		 [ 63]:0.000000
		 [ 64]:0.000000
		 [ 65]:144374542336123161458825799488297704315095654659485684544898920059112135684791006402216570527923625798717322566680193784566591258624.000000
		 [ 66]:0.000000
		 [ 67]:0.000000
		 [ 68]:0.000000
		 [ 69]:0.000000
		 [ 70]:1101562141118308329500805399378802165881394583320931634987076233573038624436813019115971835883617335583181903425270478657664422976951762812928.000000
		 [ 71]:0.000000
		-[can]:0x38023802

	}
	file_dump        = debug/debug_growth.log
	inspection_level = 2

	hash    = 0x203ad1f6
	canary2 = 0x38023802
	errno   = 0 (no error)
}
Stack_t "stk_growth" [0x7ffc2b894b70] (ok)
{
	canary1 = 0xdeadbeef
	size    = 21

	data[72] = [0x55847575e4b0]
	{
		-[can]:0xdeadbeef
		*[  0]:0.000000
		*[  1]:1.000000
		*[  2]:2.000000
		*[  3]:3.000000
		*[  4]:4.000000
		*[  5]:5.000000
		*[  6]:6.000000
		*[  7]:7.000000
		*[  8]:8.000000
		*[  9]:9.000000
		*[ 10]:10.000000
		*[ 11]:11.000000
		*[ 12]:12.000000
		*[ 13]:13.000000
		*[ 14]:14.000000
		*[ 15]:15.000000
		*[ 16]:16.000000
		*[ 17]:17.000000
		*[ 18]:18.000000
		*[ 19]:19.000000
		*[ 20]:20.000000
		 [ 21]:21.000000
		 [ 22]:22.000000
		 [ 23]:23.000000
		 [ 24]:24.000000
		 [ 25]:25.000000
		 [ 26]:26.000000
		 [ 27]:27.000000
		 [ 28]:28.000000
		 [ 29]:29.000000
		 [ 30]:30.000000
		 [ 31]:31.000000
		 [ 32]:32.000000
		 [ 33]:33.000000
		 [ 34]:34.000000
		 [ 35]:35.000000
		 [ 36]:36.000000
		 [ 37]:37.000000
		 [ 38]:38.000000
		 [ 39]:39.000000
		 [ 40]:40.000000
		 [ 41]:41.000000
		 [ 42]:42.000000
		 [ 43]:43.000000
		 [ 44]:44.000000
		 [ 45]:45.000000
		 [ 46]:46.000000
		 [ 47]:47.000000
		 [ 48]:48.000000
		 [ 49]:49.000000
		 [ 50]:1174488206348268437922146590232830981872466685198864000774312718612832316379810025450557022493513059868580818089080881891417465838175893934612323716533891773910482944.000000
		 [ 51]:0.000000
		 [ 52]:0.000000
		 [ 53]:2772958410078078104889294107575217268939593790760361285009058160586310728903509325592340575863882320763873189422561803078784036161022874825074704582490195096983321786250137851396096.000000
		 [ 54]:0.000000
		 [ 55]:0.000000
		 [ 56]:144374542336123161458825799488297704315095654659485684544898920059112135684791006402216570527923625798717322566680193784566591258624.000000
		 [ 57]:0.000000
		 [ 58]:0.000000
		 [ 59]:0.000000
		 [ 60]:0.000000
		 [ 61]:911025730576560756784643459083809105227793622464915329392645266799029118893614433903550809085308499452821372961317437709455928367620202430464.000000
		 [ 62]:0.000000
		 [ 63]:0.000000
		 [ 64]:0.000000
		 [ 65]:144374542336123161458825799488297704315095654659485684544898920059112135684791006402216570527923625798717322566680193784566591258624.000000
		 [ 66]:0.000000
		 [ 67]:0.000000
		 [ 68]:0.000000
		 [ 69]:0.000000
		 [ 70]:1101562141118308329500805399378802165881394583320931634987076233573038624436813019115971835883617335583181903425270478657664422976951762812928.000000
		 [ 71]:0.000000
		-[can]:0x38023802

	}
	file_dump        = debug/debug_growth.log
	inspection_level = 2

	hash    = 0x4fbb832a
	canary2 = 0x38023802
	errno   = 0 (no error)
}
Stack_t "stk_growth" [0x7ffc2b894b70] (ok)
{
	canary1 = 0xdeadbeef
	size    = 11

	data[36] = [0x55847575e4b0]
	{
		-[can]:0xdeadbeef
		*[  0]:0.000000
		*[  1]:1.000000
		*[  2]:2.000000
		*[  3]:3.000000
		*[  4]:4.000000
		*[  5]:5.000000
		*[  6]:6.000000
		*[  7]:7.000000
		*[  8]:8.000000
		*[  9]:9.000000
		*[ 10]:10.000000
		 [ 11]:11.000000
		 [ 12]:12.000000
		 [ 13]:13.000000
		 [ 14]:14.000000
		 [ 15]:15.000000
		 [ 16]:16.000000
		 [ 17]:17.000000
		 [ 18]:18.000000
		 [ 19]:19.000000
		 [ 20]:20.000000
		 [ 21]:21.000000
		 [ 22]:22.000000
		 [ 23]:23.000000
		 [ 24]:24.000000
		 [ 25]:25.000000
		 [ 26]:26.000000
		 [ 27]:27.000000
		 [ 28]:28.000000
		 [ 29]:29.000000
		 [ 30]:30.000000
		 [ 31]:31.000000
		 [ 32]:32.000000
		 [ 33]:33.000000
		 [ 34]:34.000000
		 [ 35]:35.000000
		-[can]:0x38023802

	}
	file_dump        = debug/debug_growth.log
	inspection_level = 2

	hash    = 0xbf2b59ec
	canary2 = 0x38023802
	errno   = 0 (no error)
}
Stack_t "stk_growth" [0x7ffc2b894b70] (ok)
{
	canary1 = 0xdeadbeef
	size    = 1

	data[36] = [0x55847575e4b0]
	{
		-[can]:0xdeadbeef
		*[  0]:0.000000
		 [  1]:1.000000
		 [  2]:2.000000
		 [  3]:3.000000
		 [  4]:4.000000
		 [  5]:5.000000
		 [  6]:6.000000
		 [  7]:7.000000
		 [  8]:8.000000
		 [  9]:9.000000
		 [ 10]:10.000000
		 [ 11]:11.000000
		 [ 12]:12.000000
		 [ 13]:13.000000
		 [ 14]:14.000000
		 [ 15]:15.000000
		 [ 16]:16.000000
		 [ 17]:17.000000
		 [ 18]:18.000000
		 [ 19]:19.000000
		 [ 20]:20.000000
		 [ 21]:21.000000
		 [ 22]:22.000000
		 [ 23]:23.000000
		 [ 24]:24.000000
		 [ 25]:25.000000
		 [ 26]:26.000000
		 [ 27]:27.000000
		 [ 28]:28.000000
		 [ 29]:29.000000
		 [ 30]:30.000000
		 [ 31]:31.000000
		 [ 32]:32.000000
		 [ 33]:33.000000
		 [ 34]:34.000000
		 [ 35]:35.000000
		-[can]:0x38023802

	}
	file_dump        = debug/debug_growth.log
	inspection_level = 2

	hash    = 0x8536a3c8
	canary2 = 0x38023802
	errno   = 0 (no error)
}
