Stack_t "stk_big_data" [0x7ffc2b894b70] (ok)
{
	canary1 = 0xdeadbeef
	size    = 0

	data[36] = [0x55847575e4b0]
	{
		-[can]:0xdeadbeef
		 [  0]:0.000000
		 [  1]:1.000000
		 [  2]:2.000000
		 [  3]:3.000000
		 [  4]:4.000000
		 [  5]:5.000000
		 [  6]:6.000000
		 [  7]:7.000000
		 [  8]:8.000000
		 [  9]:9.000000
		 [ 10]:10.000000
		 [ 11]:11.000000
		 [ 12]:12.000000
		 [ 13]:13.000000
		 [ 14]:14.000000
		 [ 15]:15.000000
		 [ 16]:16.000000
		 [ 17]:17.000000
		 [ 18]:18.000000
		 [ 19]:19.000000
		 [ 20]:20.000000
		 [ 21]:21.000000
		 [ 22]:22.000000
		 [ 23]:23.000000
		 [ 24]:24.000000
		 [ 25]:25.000000
		 [ 26]:26.000000
		 [ 27]:27.000000
		 [ 28]:28.000000
		 [ 29]:29.000000
		 [ 30]:30.000000
		 [ 31]:31.000000
		 [ 32]:32.000000
		 [ 33]:33.000000
		 [ 34]:34.000000
		 [ 35]:35.000000
		-[can]:0x38023802

	}
	file_dump        = debug/debug_big_data.log
	inspection_level = 2

	hash    = 0x95bcd744
	canary2 = 0x38023802
	errno   = 0 (no error)
}
Stack_t "stk_big_data" [0x7ffc2b894b70] (ok)
{
	canary1 = 0xdeadbeef
	size    = 1000

	data[1152] = [0x55847575e700]
	{
		-[can]:0xdeadbeef
		*[  0]:666.000000
		*[  1]:666.000000
		*[  2]:666.000000
		*[  3]:666.000000
		*[  4]:666.000000
		*[  5]:666.000000
		*[  6]:666.000000
		*[  7]:666.000000
		*[  8]:666.000000
		*[  9]:666.000000
		*[ 10]:666.000000
		*[ 11]:666.000000
		*[ 12]:666.000000
		*[ 13]:666.000000
		*[ 14]:666.000000
		*[ 15]:666.000000
		*[ 16]:666.000000
		*[ 17]:666.000000
		*[ 18]:666.000000
		*[ 19]:666.000000
		*[ 20]:666.000000
		*[ 21]:666.000000
		*[ 22]:666.000000
		*[ 23]:666.000000
		*[ 24]:666.000000
		*[ 25]:666.000000
		*[ 26]:666.000000
		*[ 27]:666.000000
		*[ 28]:666.000000
		*[ 29]:666.000000
		*[ 30]:666.000000
		*[ 31]:666.000000
		*[ 32]:666.000000
		*[ 33]:666.000000
		*[ 34]:666.000000
		*[ 35]:666.000000
		*[ 36]:666.000000
		*[ 37]:666.000000
		*[ 38]:666.000000
		*[ 39]:666.000000
		*[ 40]:666.000000
		*[ 41]:666.000000
		*[ 42]:666.000000
		*[ 43]:666.000000
		*[ 44]:666.000000
		*[ 45]:666.000000
		*[ 46]:666.000000
		*[ 47]:666.000000
		*[ 48]:666.000000
		*[ 49]:666.000000
		*[ 50]:666.000000
		*[ 51]:666.000000
		*[ 52]:666.000000
		*[ 53]:666.000000
		*[ 54]:666.000000
		*[ 55]:666.000000
		*[ 56]:666.000000
		*[ 57]:666.000000
		*[ 58]:666.000000
		*[ 59]:666.000000
		*[ 60]:666.000000
		*[ 61]:666.000000
		*[ 62]:666.000000
		*[ 63]:666.000000
		*[ 64]:666.000000
		*[ 65]:666.000000
		*[ 66]:666.000000
		*[ 67]:666.000000
		*[ 68]:666.000000
		*[ 69]:666.000000
		*[ 70]:666.000000
		*[ 71]:666.000000
		*[ 72]:666.000000
		*[ 73]:666.000000
		*[ 74]:666.000000
		*[ 75]:666.000000
		*[ 76]:666.000000
		*[ 77]:666.000000
		*[ 78]:666.000000
		*[ 79]:666.000000
		*[ 80]:666.000000
		*[ 81]:666.000000
		*[ 82]:666.000000
		*[ 83]:666.000000
		*[ 84]:666.000000
		*[ 85]:666.000000
		*[ 86]:666.000000
		*[ 87]:666.000000
		*[ 88]:666.000000
		*[ 89]:666.000000
		*[ 90]:666.000000
		*[ 91]:666.000000
		*[ 92]:666.000000
		*[ 93]:666.000000
		*[ 94]:666.000000
		*[ 95]:666.000000
		*[ 96]:666.000000
		*[ 97]:666.000000
		*[ 98]:666.000000
		*[ 99]:666.000000
		*[100]:666.000000
		*[101]:666.000000
		*[102]:666.000000
		*[103]:666.000000
		*[104]:666.000000
		*[105]:666.000000
		*[106]:666.000000
		*[107]:666.000000
		*[108]:666.000000
		*[109]:666.000000
		*[110]:666.000000
		*[111]:666.000000
		*[112]:666.000000
		*[113]:666.000000
		*[114]:666.000000
		*[115]:666.000000
		*[116]:666.000000
		*[117]:666.000000
		*[118]:666.000000
		*[119]:666.000000
		*[120]:666.000000
		*[121]:666.000000
		*[122]:666.000000
		*[123]:666.000000
		*[124]:666.000000
		*[125]:666.000000
		*[126]:666.000000
		*[127]:666.000000
		*[128]:666.000000
		*[129]:666.000000
		*[130]:666.000000
		*[131]:666.000000
		*[132]:666.000000
		*[133]:666.000000
		*[134]:666.000000
		*[135]:666.000000
		*[136]:666.000000
		*[137]:666.000000
		*[138]:666.000000
		*[139]:666.000000
		*[140]:666.000000
		*[141]:666.000000
		*[142]:666.000000
		*[143]:666.000000
		*[144]:666.000000
		*[145]:666.000000
		*[146]:666.000000
		*[147]:666.000000
		*[148]:666.000000
		*[149]:666.000000
		*[150]:666.000000
		*[151]:666.000000
		*[152]:666.000000
		*[153]:666.000000
		*[154]:666.000000
		*[155]:666.000000
		*[156]:666.000000
		*[157]:666.000000
		*[158]:666.000000
		*[159]:666.000000
		*[160]:666.000000
		*[161]:666.000000
		*[162]:666.000000
		*[163]:666.000000
		*[164]:666.000000
		*[165]:666.000000
		*[166]:666.000000
		*[167]:666.000000
		*[168]:666.000000
		*[169]:666.000000
		*[170]:666.000000
		*[171]:666.000000
		*[172]:666.000000
		*[173]:666.000000
		*[174]:666.000000
		*[175]:666.000000
		*[176]:666.000000
		*[177]:666.000000
		*[178]:666.000000
		*[179]:666.000000
		*[180]:666.000000
		*[181]:666.000000
		*[182]:666.000000
		*[183]:666.000000
		*[184]:666.000000
		*[185]:666.000000
		*[186]:666.000000
		*[187]:666.000000
		*[188]:666.000000
		*[189]:666.000000
		*[190]:666.000000
		*[191]:666.000000
		*[192]:666.000000
		*[193]:666.000000
		*[194]:666.000000
		*[195]:666.000000
		*[196]:666.000000
		*[197]:666.000000
		*[198]:666.000000
		*[199]:666.000000
		*[200]:666.000000
		*[201]:666.000000
		*[202]:666.000000
		*[203]:666.000000
		*[204]:666.000000
		*[205]:666.000000
		*[206]:666.000000
		*[207]:666.000000
		*[208]:666.000000
		*[209]:666.000000
		*[210]:666.000000
		*[211]:666.000000
		*[212]:666.000000
		*[213]:666.000000
		*[214]:666.000000
		*[215]:666.000000
		*[216]:666.000000
		*[217]:666.000000
		*[218]:666.000000
		*[219]:666.000000
		*[220]:666.000000
		*[221]:666.000000
		*[222]:666.000000
		*[223]:666.000000
		*[224]:666.000000
		*[225]:666.000000
		*[226]:666.000000
		*[227]:666.000000
		*[228]:666.000000
		*[229]:666.000000
		*[230]:666.000000
		*[231]:666.000000
		*[232]:666.000000
		*[233]:666.000000
		*[234]:666.000000
		*[235]:666.000000
		*[236]:666.000000
		*[237]:666.000000
		*[238]:666.000000
		*[239]:666.000000
		*[240]:666.000000
		*[241]:666.000000
		*[242]:666.000000
		*[243]:666.000000
		*[244]:666.000000
		*[245]:666.000000
		*[246]:666.000000
		*[247]:666.000000
		*[248]:666.000000
		*[249]:666.000000
		*[250]:666.000000
		*[251]:666.000000
		*[252]:666.000000
		*[253]:666.000000
		*[254]:666.000000
		*[255]:666.000000
		*[256]:666.000000
		*[257]:666.000000
		*[258]:666.000000
		*[259]:666.000000
		*[260]:666.000000
		*[261]:666.000000
		*[262]:666.000000
		*[263]:666.000000
		*[264]:666.000000
		*[265]:666.000000
		*[266]:666.000000
		*[267]:666.000000
		*[268]:666.000000
		*[269]:666.000000
		*[270]:666.000000
		*[271]:666.000000
		*[272]:666.000000
		*[273]:666.000000
		*[274]:666.000000
		*[275]:666.000000
		*[276]:666.000000
		*[277]:666.000000
		*[278]:666.000000
		*[279]:666.000000
		*[280]:666.000000
		*[281]:666.000000
		*[282]:666.000000
		*[283]:666.000000
		*[284]:666.000000
		*[285]:666.000000
		*[286]:666.000000
		*[287]:666.000000
		*[288]:666.000000
		*[289]:666.000000
		*[290]:666.000000
		*[291]:666.000000
		*[292]:666.000000
		*[293]:666.000000
		*[294]:666.000000
		*[295]:666.000000
		*[296]:666.000000
		*[297]:666.000000
		*[298]:666.000000
		*[299]:666.000000
		*[300]:666.000000
		*[301]:666.000000
		*[302]:666.000000
		*[303]:666.000000
		*[304]:666.000000
		*[305]:666.000000
		*[306]:666.000000
		*[307]:666.000000
		*[308]:666.000000
		*[309]:666.000000
		*[310]:666.000000
		*[311]:666.000000
		*[312]:666.000000
		*[313]:666.000000
		*[314]:666.000000
		*[315]:666.000000
		*[316]:666.000000
		*[317]:666.000000
		*[318]:666.000000
		*[319]:666.000000
		*[320]:666.000000
		*[321]:666.000000
		*[322]:666.000000
		*[323]:666.000000
		*[324]:666.000000
		*[325]:666.000000
		*[326]:666.000000
		*[327]:666.000000
		*[328]:666.000000
		*[329]:666.000000
		*[330]:666.000000
		*[331]:666.000000
		*[332]:666.000000
		*[333]:666.000000
		*[334]:666.000000
		*[335]:666.000000
		*[336]:666.000000
		*[337]:666.000000
		*[338]:666.000000
		*[339]:666.000000
		*[340]:666.000000
		*[341]:666.000000
		*[342]:666.000000
		*[343]:666.000000
		*[344]:666.000000
		*[345]:666.000000
		*[346]:666.000000
		*[347]:666.000000
		*[348]:666.000000
		*[349]:666.000000
		*[350]:666.000000
		*[351]:666.000000
		*[352]:666.000000
		*[353]:666.000000
		*[354]:666.000000
		*[355]:666.000000
		*[356]:666.000000
		*[357]:666.000000
		*[358]:666.000000
		*[359]:666.000000
		*[360]:666.000000
		*[361]:666.000000
		*[362]:666.000000
		*[363]:666.000000
		*[364]:666.000000
		*[365]:666.000000
		*[366]:666.000000
		*[367]:666.000000
		*[368]:666.000000
		*[369]:666.000000
		*[370]:666.000000
		*[371]:666.000000
		*[372]:666.000000
		*[373]:666.000000
		*[374]:666.000000
		*[375]:666.000000
		*[376]:666.000000
		*[377]:666.000000
		*[378]:666.000000
		*[379]:666.000000
		*[380]:666.000000
		*[381]:666.000000
		*[382]:666.000000
		*[383]:666.000000
		*[384]:666.000000
		*[385]:666.000000
		*[386]:666.000000
		*[387]:666.000000
		*[388]:666.000000
		*[389]:666.000000
		*[390]:666.000000
		*[391]:666.000000
		*[392]:666.000000
		*[393]:666.000000
		*[394]:666.000000
		*[395]:666.000000
		*[396]:666.000000
		*[397]:666.000000
		*[398]:666.000000
		*[399]:666.000000
		*[400]:666.000000
		*[401]:666.000000
		*[402]:666.000000
		*[403]:666.000000
		*[404]:666.000000
		*[405]:666.000000
		*[406]:666.000000
		*[407]:666.000000
		*[408]:666.000000
		*[409]:666.000000
		*[410]:666.000000
		*[411]:666.000000
		*[412]:666.000000
		*[413]:666.000000
		*[414]:666.000000
		*[415]:666.000000
		*[416]:666.000000
		*[417]:666.000000
		*[418]:666.000000
		*[419]:666.000000
		*[420]:666.000000
		*[421]:666.000000
		*[422]:666.000000
		*[423]:666.000000
		*[424]:666.000000
		*[425]:666.000000
		*[426]:666.000000
		*[427]:666.000000
		*[428]:666.000000
		*[429]:666.000000
		*[430]:666.000000
		*[431]:666.000000
		*[432]:666.000000
		*[433]:666.000000
		*[434]:666.000000
		*[435]:666.000000
		*[436]:666.000000
		*[437]:666.000000
		*[438]:666.000000
		*[439]:666.000000
		*[440]:666.000000
		*[441]:666.000000
		*[442]:666.000000
		*[443]:666.000000
		*[444]:666.000000
		*[445]:666.000000
		*[446]:666.000000
		*[447]:666.000000
		*[448]:666.000000
		*[449]:666.000000
		*[450]:666.000000
		*[451]:666.000000
		*[452]:666.000000
		*[453]:666.000000
		*[454]:666.000000
		*[455]:666.000000
		*[456]:666.000000
		*[457]:666.000000
		*[458]:666.000000
		*[459]:666.000000
		*[460]:666.000000
		*[461]:666.000000
		*[462]:666.000000
		*[463]:666.000000
		*[464]:666.000000
		*[465]:666.000000
		*[466]:666.000000
		*[467]:666.000000
		*[468]:666.000000
		*[469]:666.000000
		*[470]:666.000000
		*[471]:666.000000
		*[472]:666.000000
		*[473]:666.000000
		*[474]:666.000000
		*[475]:666.000000
		*[476]:666.000000
		*[477]:666.000000
		*[478]:666.000000
		*[479]:666.000000
		*[480]:666.000000
		*[481]:666.000000
		*[482]:666.000000
		*[483]:666.000000
		*[484]:666.000000
		*[485]:666.000000
		*[486]:666.000000
		*[487]:666.000000
		*[488]:666.000000
		*[489]:666.000000
		*[490]:666.000000
		*[491]:666.000000
		*[492]:666.000000
		*[493]:666.000000
		*[494]:666.000000
		*[495]:666.000000
		*[496]:666.000000
		*[497]:666.000000
		*[498]:666.000000
		*[499]:666.000000
		*[500]:666.000000
		*[501]:666.000000
		*[502]:666.000000
		*[503]:666.000000
		*[504]:666.000000
		*[505]:666.000000
		*[506]:666.000000
		*[507]:666.000000
		*[508]:666.000000
		*[509]:666.000000
		*[510]:666.000000
		*[511]:666.000000
		*[512]:666.000000
		*[513]:666.000000
		*[514]:666.000000
		*[515]:666.000000
		*[516]:666.000000
		*[517]:666.000000
		*[518]:666.000000
		*[519]:666.000000
		*[520]:666.000000
		*[521]:666.000000
		*[522]:666.000000
		*[523]:666.000000
		*[524]:666.000000
		*[525]:666.000000
		*[526]:666.000000
		*[527]:666.000000
		*[528]:666.000000
		*[529]:666.000000
		*[530]:666.000000
		*[531]:666.000000
		*[532]:666.000000
		*[533]:666.000000
		*[534]:666.000000
		*[535]:666.000000
		*[536]:666.000000
		*[537]:666.000000
		*[538]:666.000000
		*[539]:666.000000
		*[540]:666.000000
		*[541]:666.000000
		*[542]:666.000000
		*[543]:666.000000
		*[544]:666.000000
		*[545]:666.000000
		*[546]:666.000000
		*[547]:666.000000
		*[548]:666.000000
		*[549]:666.000000
		*[550]:666.000000
		*[551]:666.000000
		*[552]:666.000000
		*[553]:666.000000
		*[554]:666.000000
		*[555]:666.000000
		*[556]:666.000000
		*[557]:666.000000
		*[558]:666.000000
		*[559]:666.000000
		*[560]:666.000000
		*[561]:666.000000
		*[562]:666.000000
		*[563]:666.000000
		*[564]:666.000000
		*[565]:666.000000
		*[566]:666.000000
		*[567]:666.000000
		*[568]:666.000000
		*[569]:666.000000
		*[570]:666.000000
		*[571]:666.000000
		*[572]:666.000000
		*[573]:666.000000
		*[574]:666.000000
		*[575]:666.000000
		*[576]:666.000000
		*[577]:666.000000
		*[578]:666.000000
		*[579]:666.000000
		*[580]:666.000000
		*[581]:666.000000
		*[582]:666.000000
		*[583]:666.000000
		*[584]:666.000000
		*[585]:666.000000
		*[586]:666.000000
		*[587]:666.000000
		*[588]:666.000000
		*[589]:666.000000
		*[590]:666.000000
		*[591]:666.000000
		*[592]:666.000000
		*[593]:666.000000
		*[594]:666.000000
		*[595]:666.000000
		*[596]:666.000000
		*[597]:666.000000
		*[598]:666.000000
		*[599]:666.000000
		*[600]:666.000000
		*[601]:666.000000
		*[602]:666.000000
		*[603]:666.000000
		*[604]:666.000000
		*[605]:666.000000
		*[606]:666.000000
		*[607]:666.000000
		*[608]:666.000000
		*[609]:666.000000
		*[610]:666.000000
		*[611]:666.000000
		*[612]:666.000000
		*[613]:666.000000
		*[614]:666.000000
		*[615]:666.000000
		*[616]:666.000000
		*[617]:666.000000
		*[618]:666.000000
		*[619]:666.000000
		*[620]:666.000000
		*[621]:666.000000
		*[622]:666.000000
		*[623]:666.000000
		*[624]:666.000000
		*[625]:666.000000
		*[626]:666.000000
		*[627]:666.000000
		*[628]:666.000000
		*[629]:666.000000
		*[630]:666.000000
		*[631]:666.000000
		*[632]:666.000000
		*[633]:666.000000
		*[634]:666.000000
		*[635]:666.000000
		*[636]:666.000000
		*[637]:666.000000
		*[638]:666.000000
		*[639]:666.000000
		*[640]:666.000000
		*[641]:666.000000
		*[642]:666.000000
		*[643]:666.000000
		*[644]:666.000000
		*[645]:666.000000
		*[646]:666.000000
		*[647]:666.000000
		*[648]:666.000000
		*[649]:666.000000
		*[650]:666.000000
		*[651]:666.000000
		*[652]:666.000000
		*[653]:666.000000
		*[654]:666.000000
		*[655]:666.000000
		*[656]:666.000000
		*[657]:666.000000
		*[658]:666.000000
		*[659]:666.000000
		*[660]:666.000000
		*[661]:666.000000
		*[662]:666.000000
		*[663]:666.000000
		*[664]:666.000000
		*[665]:666.000000
		*[666]:666.000000
		*[667]:666.000000
		*[668]:666.000000
		*[669]:666.000000
		*[670]:666.000000
		*[671]:666.000000
		*[672]:666.000000
		*[673]:666.000000
		*[674]:666.000000
		*[675]:666.000000
		*[676]:666.000000
		*[677]:666.000000
		*[678]:666.000000
		*[679]:666.000000
		*[680]:666.000000
		*[681]:666.000000
		*[682]:666.000000
		*[683]:666.000000
		*[684]:666.000000
		*[685]:666.000000
		*[686]:666.000000
		*[687]:666.000000
		*[688]:666.000000
		*[689]:666.000000
		*[690]:666.000000
		*[691]:666.000000
		*[692]:666.000000
		*[693]:666.000000
		*[694]:666.000000
		*[695]:666.000000
		*[696]:666.000000
		*[697]:666.000000
		*[698]:666.000000
		*[699]:666.000000
		*[700]:666.000000
		*[701]:666.000000
		*[702]:666.000000
		*[703]:666.000000
		*[704]:666.000000
		*[705]:666.000000
		*[706]:666.000000
		*[707]:666.000000
		*[708]:666.000000
		*[709]:666.000000
		*[710]:666.000000
		*[711]:666.000000
		*[712]:666.000000
		*[713]:666.000000
		*[714]:666.000000
		*[715]:666.000000
		*[716]:666.000000
		*[717]:666.000000
		*[718]:666.000000
		*[719]:666.000000
		*[720]:666.000000
		*[721]:666.000000
		*[722]:666.000000
		*[723]:666.000000
		*[724]:666.000000
		*[725]:666.000000
		*[726]:666.000000
		*[727]:666.000000
		*[728]:666.000000
		*[729]:666.000000
		*[730]:666.000000
		*[731]:666.000000
		*[732]:666.000000
		*[733]:666.000000
		*[734]:666.000000
		*[735]:666.000000
		*[736]:666.000000
		*[737]:666.000000
		*[738]:666.000000
		*[739]:666.000000
		*[740]:666.000000
		*[741]:666.000000
		*[742]:666.000000
		*[743]:666.000000
		*[744]:666.000000
		*[745]:666.000000
		*[746]:666.000000
		*[747]:666.000000
		*[748]:666.000000
		*[749]:666.000000
		*[750]:666.000000
		*[751]:666.000000
		*[752]:666.000000
		*[753]:666.000000
		*[754]:666.000000
		*[755]:666.000000
		*[756]:666.000000
		*[757]:666.000000
		*[758]:666.000000
		*[759]:666.000000
		*[760]:666.000000
		*[761]:666.000000
		*[762]:666.000000
		*[763]:666.000000
		*[764]:666.000000
		*[765]:666.000000
		*[766]:666.000000
		*[767]:666.000000
		*[768]:666.000000
		*[769]:666.000000
		*[770]:666.000000
		*[771]:666.000000
		*[772]:666.000000
		*[773]:666.000000
		*[774]:666.000000
		*[775]:666.000000
		*[776]:666.000000
		*[777]:666.000000
		*[778]:666.000000
		*[779]:666.000000
		*[780]:666.000000
		*[781]:666.000000
		*[782]:666.000000
		*[783]:666.000000
		*[784]:666.000000
		*[785]:666.000000
		*[786]:666.000000
		*[787]:666.000000
		*[788]:666.000000
		*[789]:666.000000
		*[790]:666.000000
		*[791]:666.000000
		*[792]:666.000000
		*[793]:666.000000
		*[794]:666.000000
		*[795]:666.000000
		*[796]:666.000000
		*[797]:666.000000
		*[798]:666.000000
		*[799]:666.000000
		*[800]:666.000000
		*[801]:666.000000
		*[802]:666.000000
		*[803]:666.000000
		*[804]:666.000000
		*[805]:666.000000
		*[806]:666.000000
		*[807]:666.000000
		*[808]:666.000000
		*[809]:666.000000
		*[810]:666.000000
		*[811]:666.000000
		*[812]:666.000000
		*[813]:666.000000
		*[814]:666.000000
		*[815]:666.000000
		*[816]:666.000000
		*[817]:666.000000
		*[818]:666.000000
		*[819]:666.000000
		*[820]:666.000000
		*[821]:666.000000
		*[822]:666.000000
		*[823]:666.000000
		*[824]:666.000000
		*[825]:666.000000
		*[826]:666.000000
		*[827]:666.000000
		*[828]:666.000000
		*[829]:666.000000
		*[830]:666.000000
		*[831]:666.000000
		*[832]:666.000000
		*[833]:666.000000
		*[834]:666.000000
		*[835]:666.000000
		*[836]:666.000000
		*[837]:666.000000
		*[838]:666.000000
		*[839]:666.000000
		*[840]:666.000000
		*[841]:666.000000
		*[842]:666.000000
		*[843]:666.000000
		*[844]:666.000000
		*[845]:666.000000
		*[846]:666.000000
		*[847]:666.000000
		*[848]:666.000000
		*[849]:666.000000
		*[850]:666.000000
		*[851]:666.000000
		*[852]:666.000000
		*[853]:666.000000
		*[854]:666.000000
		*[855]:666.000000
		*[856]:666.000000
		*[857]:666.000000
		*[858]:666.000000
		*[859]:666.000000
		*[860]:666.000000
		*[861]:666.000000
		*[862]:666.000000
		*[863]:666.000000
		*[864]:666.000000
		*[865]:666.000000
		*[866]:666.000000
		*[867]:666.000000
		*[868]:666.000000
		*[869]:666.000000
		*[870]:666.000000
		*[871]:666.000000
		*[872]:666.000000
		*[873]:666.000000
		*[874]:666.000000
		*[875]:666.000000
		*[876]:666.000000
		*[877]:666.000000
		*[878]:666.000000
		*[879]:666.000000
		*[880]:666.000000
		*[881]:666.000000
		*[882]:666.000000
		*[883]:666.000000
		*[884]:666.000000
		*[885]:666.000000
		*[886]:666.000000
		*[887]:666.000000
		*[888]:666.000000
		*[889]:666.000000
		*[890]:666.000000
		*[891]:666.000000
		*[892]:666.000000
		*[893]:666.000000
		*[894]:666.000000
		*[895]:666.000000
		*[896]:666.000000
		*[897]:666.000000
		*[898]:666.000000
		*[899]:666.000000
		*[900]:666.000000
		*[901]:666.000000
		*[902]:666.000000
		*[903]:666.000000
		*[904]:666.000000
		*[905]:666.000000
		*[906]:666.000000
		*[907]:666.000000
		*[908]:666.000000
		*[909]:666.000000
		*[910]:666.000000
		*[911]:666.000000
		*[912]:666.000000
		*[913]:666.000000
		*[914]:666.000000
		*[915]:666.000000
		*[916]:666.000000
		*[917]:666.000000
		*[918]:666.000000
		*[919]:666.000000
		*[920]:666.000000
		*[921]:666.000000
		*[922]:666.000000
		*[923]:666.000000
		*[924]:666.000000
		*[925]:666.000000
		*[926]:666.000000
		*[927]:666.000000
		*[928]:666.000000
		*[929]:666.000000
		*[930]:666.000000
		*[931]:666.000000
		*[932]:666.000000
		*[933]:666.000000
		*[934]:666.000000
		*[935]:666.000000
		*[936]:666.000000
		*[937]:666.000000
		*[938]:666.000000
		*[939]:666.000000
		*[940]:666.000000
		*[941]:666.000000
		*[942]:666.000000
		*[943]:666.000000
		*[944]:666.000000
		*[945]:666.000000
		*[946]:666.000000
		*[947]:666.000000
		*[948]:666.000000
		*[949]:666.000000
		*[950]:666.000000
		*[951]:666.000000
		*[952]:666.000000
		*[953]:666.000000
		*[954]:666.000000
		*[955]:666.000000
		*[956]:666.000000
		*[957]:666.000000
		*[958]:666.000000
		*[959]:666.000000
		*[960]:666.000000
		*[961]:666.000000
		*[962]:666.000000
		*[963]:666.000000
		*[964]:666.000000
		*[965]:666.000000
		*[966]:666.000000
		*[967]:666.000000
		*[968]:666.000000
		*[969]:666.000000
		*[970]:666.000000
		*[971]:666.000000
		*[972]:666.000000
		*[973]:666.000000
		*[974]:666.000000
		*[975]:666.000000
		*[976]:666.000000
		*[977]:666.000000
		*[978]:666.000000
		*[979]:666.000000
		*[980]:666.000000
		*[981]:666.000000
		*[982]:666.000000
		*[983]:666.000000
		*[984]:666.000000
		*[985]:666.000000
		*[986]:666.000000
		*[987]:666.000000
		*[988]:666.000000
		*[989]:666.000000
		*[990]:666.000000
		*[991]:666.000000
		*[992]:666.000000
		*[993]:666.000000
		*[994]:666.000000
		*[995]:666.000000
		*[996]:666.000000
		*[997]:666.000000
		*[998]:666.000000
		*[999]:666.000000
		 [1000]:0.000000
		 [1001]:0.000000
		 [1002]:0.000000
		 [1003]:0.000000
		 [1004]:0.000000
		 [1005]:0.000000
		 [1006]:0.000000
		 [1007]:0.000000
		 [1008]:0.000000
		 [1009]:0.000000
		 [1010]:0.000000
		 [1011]:0.000000
		 [1012]:0.000000
		 [1013]:0.000000
		 [1014]:0.000000
		 [1015]:0.000000
		 [1016]:0.000000
		 [1017]:0.000000
		 [1018]:0.000000
		 [1019]:0.000000
		 [1020]:0.000000
		 [1021]:0.000000
		 [1022]:0.000000
		 [1023]:0.000000
		 [1024]:0.000000
		 [1025]:0.000000
		 [1026]:0.000000
		 [1027]:0.000000
		 [1028]:0.000000
		 [1029]:0.000000
		 [1030]:0.000000
		 [1031]:0.000000
		 [1032]:0.000000
		 [1033]:0.000000
		 [1034]:0.000000
		 [1035]:0.000000
		 [1036]:0.000000
		 [1037]:0.000000
		 [1038]:0.000000
		 [1039]:0.000000
		 [1040]:0.000000
		 [1041]:0.000000
		 [1042]:0.000000
		 [1043]:0.000000
		 [1044]:0.000000
		 [1045]:0.000000
		 [1046]:0.000000
		 [1047]:0.000000
		 [1048]:0.000000
		 [1049]:0.000000
		 [1050]:0.000000
		 [1051]:0.000000
		 [1052]:0.000000
		 [1053]:0.000000
		 [1054]:0.000000
		 [1055]:0.000000
		 [1056]:0.000000
		 [1057]:0.000000
		 [1058]:0.000000
		 [1059]:0.000000
		 [1060]:0.000000
		 [1061]:0.000000
		 [1062]:0.000000
		 [1063]:0.000000
		 [1064]:0.000000
		 [1065]:0.000000
		 [1066]:0.000000
		 [1067]:0.000000
		 [1068]:0.000000
		 [1069]:0.000000
		 [1070]:0.000000
		 [1071]:0.000000
		 [1072]:0.000000
		 [1073]:0.000000
		 [1074]:0.000000
		 [1075]:0.000000
		 [1076]:0.000000
		 [1077]:0.000000
		 [1078]:0.000000
		 [1079]:0.000000
		 [1080]:0.000000
		 [1081]:0.000000
		 [1082]:0.000000
		 [1083]:0.000000
		 [1084]:0.000000
		 [1085]:0.000000
		 [1086]:0.000000
		 [1087]:0.000000
		 [1088]:0.000000
		 [1089]:0.000000
		 [1090]:0.000000
		 [1091]:0.000000
		 [1092]:0.000000
		 [1093]:0.000000
		 [1094]:0.000000
		 [1095]:0.000000
		 [1096]:0.000000
		 [1097]:0.000000
		 [1098]:0.000000
		 [1099]:0.000000
		 [1100]:0.000000
		 [1101]:0.000000
		 [1102]:0.000000
		 [1103]:0.000000
		 [1104]:0.000000
		 [1105]:0.000000
		 [1106]:0.000000
		 [1107]:0.000000
		 [1108]:0.000000
		 [1109]:0.000000
		 [1110]:0.000000
		 [1111]:0.000000
		 [1112]:0.000000
		 [1113]:0.000000
		 [1114]:0.000000
		 [1115]:0.000000
		 [1116]:0.000000
		 [1117]:0.000000
		 [1118]:0.000000
		 [1119]:0.000000
		 [1120]:0.000000
		 [1121]:0.000000
		 [1122]:0.000000
		 [1123]:0.000000
		 [1124]:0.000000
		 [1125]:0.000000
		 [1126]:0.000000
		 [1127]:0.000000
		 [1128]:0.000000
		 [1129]:0.000000
		 [1130]:0.000000
		 [1131]:0.000000
		 [1132]:0.000000
		 [1133]:0.000000
		 [1134]:0.000000
		 [1135]:0.000000
		 [1136]:0.000000
		 [1137]:0.000000
		 [1138]:0.000000
		 [1139]:0.000000
		 [1140]:0.000000
		 [1141]:0.000000
		 [1142]:0.000000
		 [1143]:0.000000
		 [1144]:0.000000
		 [1145]:0.000000
		 [1146]:0.000000
		 [1147]:0.000000
		 [1148]:0.000000
		 [1149]:0.000000
		 [1150]:0.000000
		 [1151]:0.000000
		-[can]:0x38023802

	}
	file_dump        = debug/debug_big_data.log
	inspection_level = 2

	hash    = 0x7de64bb5
	canary2 = 0x38023802
	errno   = 0 (no error)
}
Stack_t "stk_big_data" [0x7ffc2b894b70] (ok)
{
	canary1 = 0xdeadbeef
	size    = 0

	data[36] = [0x55847575e700]
	{
		-[can]:0xdeadbeef
		 [  0]:666.000000
		 [  1]:666.000000
		 [  2]:666.000000
		 [  3]:666.000000
		 [  4]:666.000000
		 [  5]:666.000000
		 [  6]:666.000000
		 [  7]:666.000000
		 [  8]:666.000000
		 [  9]:666.000000
		 [ 10]:666.000000
		 [ 11]:666.000000
		 [ 12]:666.000000
		 [ 13]:666.000000
		 [ 14]:666.000000
		 [ 15]:666.000000
		 [ 16]:666.000000
		 [ 17]:666.000000
		 [ 18]:666.000000
		 [ 19]:666.000000
		 [ 20]:666.000000
		 [ 21]:666.000000
		 [ 22]:666.000000
		 [ 23]:666.000000
		 [ 24]:666.000000
		 [ 25]:666.000000
		 [ 26]:666.000000
		 [ 27]:666.000000
		 [ 28]:666.000000
		 [ 29]:666.000000
		 [ 30]:666.000000
		 [ 31]:666.000000
		 [ 32]:666.000000
		 [ 33]:666.000000
		 [ 34]:666.000000
		 [ 35]:666.000000
		-[can]:0x38023802

	}
	file_dump        = debug/debug_big_data.log
	inspection_level = 2

	hash    = 0xb00373d4
	canary2 = 0x38023802
	errno   = 0 (no error)
}
